<?xml version="1.0" encoding="UTF-8"?>
<!-- Generated by org.testng.reporters.JUnitReportReporter -->
<testsuite skipped="0" hostname="ANUPAMAs-MBP.home" name="demo.TestNGParametersDemo" tests="1" failures="0" timestamp="2020-04-18T07:06:18 SGT" time="0.007" errors="0">
  <testcase name="test" time="0.007" classname="demo.TestNGParametersDemo"/>
  <system-out/>
</testsuite> <!-- demo.TestNGParametersDemo -->
