<?xml version="1.0" encoding="UTF-8"?>
<!-- Generated by org.testng.reporters.JUnitReportReporter -->
<testsuite skipped="0" hostname="ANUPAMAs-MBP" name="utils.ExcelDataProvider" tests="3" failures="0" timestamp="2020-04-17T10:50:08 SGT" time="15.472" errors="0">
  <testcase name="test1" time="3.951" classname="utils.ExcelDataProvider"/>
  <system-out/>
  <testcase name="test1" time="8.419" classname="utils.ExcelDataProvider"/>
  <system-out/>
  <testcase name="test1" time="3.102" classname="utils.ExcelDataProvider"/>
  <system-out/>
</testsuite> <!-- utils.ExcelDataProvider -->
