<?xml version="1.0" encoding="UTF-8"?>
<!-- Generated by org.testng.reporters.JUnitReportReporter -->
<testsuite skipped="0" hostname="ANUPAMAs-MBP" name="demo.TestNGParametersDemo" tests="1" failures="0" timestamp="2020-04-19T17:13:04 SGT" time="0.009" errors="0">
  <testcase name="test" time="0.009" classname="demo.TestNGParametersDemo"/>
  <system-out/>
</testsuite> <!-- demo.TestNGParametersDemo -->
