<?xml version="1.0" encoding="UTF-8"?>
<!-- Generated by org.testng.reporters.JUnitReportReporter -->
<testsuite skipped="0" hostname="ANUPAMAs-MacBook-Pro.local" name="demo.TestNGMultiBrowserDemo" tests="2" failures="0" timestamp="2020-04-17T21:16:25 SGT" time="30.275" errors="0">
  <testcase name="test1" time="6.575" classname="demo.TestNGMultiBrowserDemo"/>
  <system-out/>
  <testcase name="test1" time="23.700" classname="demo.TestNGMultiBrowserDemo"/>
  <system-out/>
</testsuite> <!-- demo.TestNGMultiBrowserDemo -->
