<?xml version="1.0" encoding="UTF-8"?>
<!-- Generated by org.testng.reporters.JUnitReportReporter -->
<testsuite skipped="1" hostname="ANUPAMAs-MBP.home" name="demo.TestNGIgnoreDemo" tests="2" failures="0" timestamp="2020-04-18T07:28:15 SGT" time="0.009" errors="0">
  <testcase name="test2" time="0.009" classname="demo.TestNGIgnoreDemo"/>
  <system-out/>
  <testcase name="test1" classname="demo.TestNGIgnoreDemo">
    <skipped/>
  </testcase> <!-- test1 -->
  <system-out/>
</testsuite> <!-- demo.TestNGIgnoreDemo -->
