<?xml version="1.0" encoding="UTF-8"?>
<!-- Generated by org.testng.reporters.JUnitReportReporter -->
<testsuite skipped="0" hostname="ANUPAMAs-MacBook-Pro.local" name="test.ExtentReportsDemoWithTestNG" tests="2" failures="0" timestamp="2020-04-15T10:20:50 SGT" time="1.554" errors="0">
  <testcase name="test2" time="0.004" classname="test.ExtentReportsDemoWithTestNG"/>
  <system-out/>
  <testcase name="test1" time="1.550" classname="test.ExtentReportsDemoWithTestNG"/>
  <system-out/>
</testsuite> <!-- test.ExtentReportsDemoWithTestNG -->
