<?xml version="1.0" encoding="UTF-8"?>
<!-- Generated by org.testng.reporters.JUnitReportReporter -->
<testsuite skipped="0" hostname="ANUPAMAs-MBP" name="test.TestNG_Demo" tests="1" failures="0" timestamp="2020-04-16T12:24:41 SGT" time="5.934" errors="0">
  <testcase name="googleSearch" time="5.934" classname="test.TestNG_Demo"/>
  <system-out/>
</testsuite> <!-- test.TestNG_Demo -->
