<?xml version="1.0" encoding="UTF-8"?>
<!-- Generated by org.testng.reporters.JUnitReportReporter -->
<testsuite skipped="0" hostname="ANUPAMAs-MBP.home" name="demo.TestNGDependencyDemo" tests="3" failures="0" timestamp="2020-04-18T07:20:22 SGT" time="0.010" errors="0">
  <testcase name="test2" time="0.007" classname="demo.TestNGDependencyDemo"/>
  <system-out/>
  <testcase name="test1" time="0.002" classname="demo.TestNGDependencyDemo"/>
  <system-out/>
  <testcase name="test3" time="0.001" classname="demo.TestNGDependencyDemo"/>
  <system-out/>
</testsuite> <!-- demo.TestNGDependencyDemo -->
