<?xml version="1.0" encoding="UTF-8"?>
<!-- Generated by org.testng.reporters.JUnitReportReporter -->
<testsuite skipped="0" hostname="ANUPAMAs-MBP.home" name="demo.TestNGGroupsDemo" tests="4" failures="0" timestamp="2020-04-18T07:17:39 SGT" time="0.013" errors="0">
  <testcase name="test1" time="0.007" classname="demo.TestNGGroupsDemo"/>
  <system-out/>
  <testcase name="test3" time="0.001" classname="demo.TestNGGroupsDemo"/>
  <system-out/>
  <testcase name="test4" time="0.002" classname="demo.TestNGGroupsDemo"/>
  <system-out/>
  <testcase name="test2" time="0.003" classname="demo.TestNGGroupsDemo"/>
  <system-out/>
</testsuite> <!-- demo.TestNGGroupsDemo -->
