<?xml version="1.0" encoding="UTF-8"?>
<!-- Generated by org.testng.reporters.JUnitReportReporter -->
<testsuite skipped="0" hostname="ANUPAMAs-MBP" name="demo.TestNGPriorityDemo" tests="3" failures="0" timestamp="2020-04-19T17:54:24 SGT" time="0.010" errors="0">
  <testcase name="one" time="0.008" classname="demo.TestNGPriorityDemo"/>
  <system-out/>
  <testcase name="three" time="0.001" classname="demo.TestNGPriorityDemo"/>
  <system-out/>
  <testcase name="two" time="0.001" classname="demo.TestNGPriorityDemo"/>
  <system-out/>
</testsuite> <!-- demo.TestNGPriorityDemo -->
