<?xml version="1.0" encoding="UTF-8"?>
<!-- Generated by org.testng.reporters.JUnitReportReporter -->
<testsuite hostname="ANUPAMAs-MBP" failures="0" tests="1" name="demo.TestNGParametersDemo" time="0.003" errors="0" timestamp="2020-04-19T17:53:39 SGT" skipped="0">
  <testcase classname="demo.TestNGParametersDemo" name="test" time="0.003"/>
  <system-out/>
</testsuite> <!-- demo.TestNGParametersDemo -->
